<?xml version="1.0" encoding="UTF-8"?>
<testsuite xmlns:xsi="http://www.w3.org/2001/XMLSchema-instance" xsi:noNamespaceSchemaLocation="https://maven.apache.org/surefire/maven-surefire-plugin/xsd/surefire-test-report-3.0.xsd" version="3.0" name="TestSuite" time="74.378" tests="5" errors="0" skipped="0" failures="0">
  <properties>
    <property name="sun.desktop" value="windows"/>
    <property name="awt.toolkit" value="sun.awt.windows.WToolkit"/>
    <property name="java.specification.version" value="11"/>
    <property name="webdriver.chrome.driver" value="C:\Users\shikhar.joshi\.cache\selenium\chromedriver\win32\96.0.4664.45\chromedriver.exe"/>
    <property name="sun.cpu.isalist" value="amd64"/>
    <property name="sun.jnu.encoding" value="Cp1252"/>
    <property name="java.class.path" value="C:\Users\shikhar.joshi\Desktop\markone\flight-booking-testing-framework\target\test-classes;C:\Users\shikhar.joshi\Desktop\markone\flight-booking-testing-framework\target\classes;C:\Users\shikhar.joshi\.m2\repository\org\testng\testng\7.0.0\testng-7.0.0.jar;C:\Users\shikhar.joshi\.m2\repository\com\beust\jcommander\1.72\jcommander-1.72.jar;C:\Users\shikhar.joshi\.m2\repository\org\seleniumhq\selenium\selenium-api\3.141.59\selenium-api-3.141.59.jar;C:\Users\shikhar.joshi\.m2\repository\org\seleniumhq\selenium\selenium-java\3.141.59\selenium-java-3.141.59.jar;C:\Users\shikhar.joshi\.m2\repository\org\seleniumhq\selenium\selenium-chrome-driver\3.141.59\selenium-chrome-driver-3.141.59.jar;C:\Users\shikhar.joshi\.m2\repository\org\seleniumhq\selenium\selenium-edge-driver\3.141.59\selenium-edge-driver-3.141.59.jar;C:\Users\shikhar.joshi\.m2\repository\org\seleniumhq\selenium\selenium-firefox-driver\3.141.59\selenium-firefox-driver-3.141.59.jar;C:\Users\shikhar.joshi\.m2\repository\org\seleniumhq\selenium\selenium-ie-driver\3.141.59\selenium-ie-driver-3.141.59.jar;C:\Users\shikhar.joshi\.m2\repository\org\seleniumhq\selenium\selenium-opera-driver\3.141.59\selenium-opera-driver-3.141.59.jar;C:\Users\shikhar.joshi\.m2\repository\org\seleniumhq\selenium\selenium-remote-driver\3.141.59\selenium-remote-driver-3.141.59.jar;C:\Users\shikhar.joshi\.m2\repository\org\seleniumhq\selenium\selenium-safari-driver\3.141.59\selenium-safari-driver-3.141.59.jar;C:\Users\shikhar.joshi\.m2\repository\org\seleniumhq\selenium\selenium-support\3.141.59\selenium-support-3.141.59.jar;C:\Users\shikhar.joshi\.m2\repository\net\bytebuddy\byte-buddy\1.8.15\byte-buddy-1.8.15.jar;C:\Users\shikhar.joshi\.m2\repository\org\apache\commons\commons-exec\1.3\commons-exec-1.3.jar;C:\Users\shikhar.joshi\.m2\repository\com\google\guava\guava\25.0-jre\guava-25.0-jre.jar;C:\Users\shikhar.joshi\.m2\repository\com\google\code\findbugs\jsr305\1.3.9\jsr305-1.3.9.jar;C:\Users\shikhar.joshi\.m2\repository\org\checkerframework\checker-compat-qual\2.0.0\checker-compat-qual-2.0.0.jar;C:\Users\shikhar.joshi\.m2\repository\com\google\errorprone\error_prone_annotations\2.1.3\error_prone_annotations-2.1.3.jar;C:\Users\shikhar.joshi\.m2\repository\com\google\j2objc\j2objc-annotations\1.1\j2objc-annotations-1.1.jar;C:\Users\shikhar.joshi\.m2\repository\org\codehaus\mojo\animal-sniffer-annotations\1.14\animal-sniffer-annotations-1.14.jar;C:\Users\shikhar.joshi\.m2\repository\com\squareup\okhttp3\okhttp\3.11.0\okhttp-3.11.0.jar;C:\Users\shikhar.joshi\.m2\repository\com\squareup\okio\okio\1.14.0\okio-1.14.0.jar;C:\Users\shikhar.joshi\.m2\repository\io\github\bonigarcia\webdrivermanager\5.0.3\webdrivermanager-5.0.3.jar;C:\Users\shikhar.joshi\.m2\repository\org\slf4j\slf4j-api\1.7.32\slf4j-api-1.7.32.jar;C:\Users\shikhar.joshi\.m2\repository\com\google\code\gson\gson\2.8.8\gson-2.8.8.jar;C:\Users\shikhar.joshi\.m2\repository\org\jsoup\jsoup\1.14.2\jsoup-1.14.2.jar;C:\Users\shikhar.joshi\.m2\repository\com\github\docker-java\docker-java\3.2.12\docker-java-3.2.12.jar;C:\Users\shikhar.joshi\.m2\repository\com\github\docker-java\docker-java-core\3.2.12\docker-java-core-3.2.12.jar;C:\Users\shikhar.joshi\.m2\repository\com\github\docker-java\docker-java-api\3.2.12\docker-java-api-3.2.12.jar;C:\Users\shikhar.joshi\.m2\repository\org\apache\commons\commons-compress\1.21\commons-compress-1.21.jar;C:\Users\shikhar.joshi\.m2\repository\org\bouncycastle\bcpkix-jdk15on\1.64\bcpkix-jdk15on-1.64.jar;C:\Users\shikhar.joshi\.m2\repository\org\bouncycastle\bcprov-jdk15on\1.64\bcprov-jdk15on-1.64.jar;C:\Users\shikhar.joshi\.m2\repository\org\slf4j\jcl-over-slf4j\1.7.30\jcl-over-slf4j-1.7.30.jar;C:\Users\shikhar.joshi\.m2\repository\com\github\docker-java\docker-java-transport-httpclient5\3.2.12\docker-java-transport-httpclient5-3.2.12.jar;C:\Users\shikhar.joshi\.m2\repository\com\github\docker-java\docker-java-transport\3.2.12\docker-java-transport-3.2.12.jar;C:\Users\shikhar.joshi\.m2\repository\org\apache\httpcomponents\client5\httpclient5\5.0.3\httpclient5-5.0.3.jar;C:\Users\shikhar.joshi\.m2\repository\org\apache\httpcomponents\core5\httpcore5\5.0.2\httpcore5-5.0.2.jar;C:\Users\shikhar.joshi\.m2\repository\commons-codec\commons-codec\1.13\commons-codec-1.13.jar;C:\Users\shikhar.joshi\.m2\repository\net\java\dev\jna\jna\5.8.0\jna-5.8.0.jar;C:\Users\shikhar.joshi\.m2\repository\org\brotli\dec\0.1.2\dec-0.1.2.jar;C:\Users\shikhar.joshi\.m2\repository\io\cucumber\cucumber-java\7.0.0\cucumber-java-7.0.0.jar;C:\Users\shikhar.joshi\.m2\repository\org\apiguardian\apiguardian-api\1.1.2\apiguardian-api-1.1.2.jar;C:\Users\shikhar.joshi\.m2\repository\io\cucumber\cucumber-core\7.0.0\cucumber-core-7.0.0.jar;C:\Users\shikhar.joshi\.m2\repository\io\cucumber\cucumber-gherkin\7.0.0\cucumber-gherkin-7.0.0.jar;C:\Users\shikhar.joshi\.m2\repository\io\cucumber\cucumber-gherkin-messages\7.0.0\cucumber-gherkin-messages-7.0.0.jar;C:\Users\shikhar.joshi\.m2\repository\io\cucumber\messages\17.1.1\messages-17.1.1.jar;C:\Users\shikhar.joshi\.m2\repository\io\cucumber\tag-expressions\4.0.2\tag-expressions-4.0.2.jar;C:\Users\shikhar.joshi\.m2\repository\io\cucumber\cucumber-expressions\13.0.1\cucumber-expressions-13.0.1.jar;C:\Users\shikhar.joshi\.m2\repository\io\cucumber\datatable\7.0.0\datatable-7.0.0.jar;C:\Users\shikhar.joshi\.m2\repository\io\cucumber\cucumber-plugin\7.0.0\cucumber-plugin-7.0.0.jar;C:\Users\shikhar.joshi\.m2\repository\io\cucumber\docstring\7.0.0\docstring-7.0.0.jar;C:\Users\shikhar.joshi\.m2\repository\io\cucumber\html-formatter\17.0.0\html-formatter-17.0.0.jar;C:\Users\shikhar.joshi\.m2\repository\io\cucumber\create-meta\6.0.1\create-meta-6.0.1.jar;C:\Users\shikhar.joshi\.m2\repository\io\cucumber\cucumber-testng\7.0.0\cucumber-testng-7.0.0.jar;C:\Users\shikhar.joshi\.m2\repository\net\masterthought\cucumber-reporting\5.0.0\cucumber-reporting-5.0.0.jar;C:\Users\shikhar.joshi\.m2\repository\com\fasterxml\jackson\core\jackson-databind\2.9.10.1\jackson-databind-2.9.10.1.jar;C:\Users\shikhar.joshi\.m2\repository\com\fasterxml\jackson\core\jackson-annotations\2.9.10\jackson-annotations-2.9.10.jar;C:\Users\shikhar.joshi\.m2\repository\com\fasterxml\jackson\core\jackson-core\2.9.10\jackson-core-2.9.10.jar;C:\Users\shikhar.joshi\.m2\repository\com\fasterxml\jackson\datatype\jackson-datatype-jsr310\2.10.1\jackson-datatype-jsr310-2.10.1.jar;C:\Users\shikhar.joshi\.m2\repository\org\apache\velocity\velocity-engine-core\2.1\velocity-engine-core-2.1.jar;C:\Users\shikhar.joshi\.m2\repository\commons-collections\commons-collections\3.2.2\commons-collections-3.2.2.jar;C:\Users\shikhar.joshi\.m2\repository\joda-time\joda-time\2.10.2\joda-time-2.10.2.jar;C:\Users\shikhar.joshi\.m2\repository\org\apache\commons\commons-lang3\3.9\commons-lang3-3.9.jar;C:\Users\shikhar.joshi\.m2\repository\commons-io\commons-io\2.6\commons-io-2.6.jar;C:\Users\shikhar.joshi\.m2\repository\org\codehaus\plexus\plexus-utils\3.2.0\plexus-utils-3.2.0.jar;C:\Users\shikhar.joshi\.m2\repository\com\googlecode\owasp-java-html-sanitizer\owasp-java-html-sanitizer\20190610.1\owasp-java-html-sanitizer-20190610.1.jar;C:\Users\shikhar.joshi\.m2\repository\commons-configuration\commons-configuration\1.10\commons-configuration-1.10.jar;C:\Users\shikhar.joshi\.m2\repository\commons-lang\commons-lang\2.6\commons-lang-2.6.jar;C:\Users\shikhar.joshi\.m2\repository\commons-logging\commons-logging\1.1.1\commons-logging-1.1.1.jar;C:\Users\shikhar.joshi\.m2\repository\org\apache\logging\log4j\log4j-core\2.13.3\log4j-core-2.13.3.jar;C:\Users\shikhar.joshi\.m2\repository\org\apache\logging\log4j\log4j-api\2.13.3\log4j-api-2.13.3.jar;C:\Users\shikhar.joshi\.m2\repository\com\jcabi\jcabi-log\0.19.0\jcabi-log-0.19.0.jar;"/>
    <property name="java.vm.vendor" value="Oracle Corporation"/>
    <property name="sun.arch.data.model" value="64"/>
    <property name="user.variant" value=""/>
    <property name="java.vendor.url" value="http://java.oracle.com/"/>
    <property name="user.timezone" value="Asia/Calcutta"/>
    <property name="java.vm.specification.version" value="11"/>
    <property name="os.name" value="Windows 10"/>
    <property name="sun.java.launcher" value="SUN_STANDARD"/>
    <property name="user.country" value="US"/>
    <property name="sun.boot.library.path" value="C:\Program Files\Java\jdk-11\bin"/>
    <property name="sun.java.command" value="C:\Users\shikhar.joshi\AppData\Local\Temp\surefire2358961005123136613\surefirebooter10183414963173773541.jar C:\Users\shikhar.joshi\AppData\Local\Temp\surefire2358961005123136613 2021-11-18T14-17-33_306-jvmRun1 surefire10308887782129679551tmp surefire_013443728173178177800tmp"/>
    <property name="jdk.debug" value="release"/>
    <property name="surefire.test.class.path" value="C:\Users\shikhar.joshi\Desktop\markone\flight-booking-testing-framework\target\test-classes;C:\Users\shikhar.joshi\Desktop\markone\flight-booking-testing-framework\target\classes;C:\Users\shikhar.joshi\.m2\repository\org\testng\testng\7.0.0\testng-7.0.0.jar;C:\Users\shikhar.joshi\.m2\repository\com\beust\jcommander\1.72\jcommander-1.72.jar;C:\Users\shikhar.joshi\.m2\repository\org\seleniumhq\selenium\selenium-api\3.141.59\selenium-api-3.141.59.jar;C:\Users\shikhar.joshi\.m2\repository\org\seleniumhq\selenium\selenium-java\3.141.59\selenium-java-3.141.59.jar;C:\Users\shikhar.joshi\.m2\repository\org\seleniumhq\selenium\selenium-chrome-driver\3.141.59\selenium-chrome-driver-3.141.59.jar;C:\Users\shikhar.joshi\.m2\repository\org\seleniumhq\selenium\selenium-edge-driver\3.141.59\selenium-edge-driver-3.141.59.jar;C:\Users\shikhar.joshi\.m2\repository\org\seleniumhq\selenium\selenium-firefox-driver\3.141.59\selenium-firefox-driver-3.141.59.jar;C:\Users\shikhar.joshi\.m2\repository\org\seleniumhq\selenium\selenium-ie-driver\3.141.59\selenium-ie-driver-3.141.59.jar;C:\Users\shikhar.joshi\.m2\repository\org\seleniumhq\selenium\selenium-opera-driver\3.141.59\selenium-opera-driver-3.141.59.jar;C:\Users\shikhar.joshi\.m2\repository\org\seleniumhq\selenium\selenium-remote-driver\3.141.59\selenium-remote-driver-3.141.59.jar;C:\Users\shikhar.joshi\.m2\repository\org\seleniumhq\selenium\selenium-safari-driver\3.141.59\selenium-safari-driver-3.141.59.jar;C:\Users\shikhar.joshi\.m2\repository\org\seleniumhq\selenium\selenium-support\3.141.59\selenium-support-3.141.59.jar;C:\Users\shikhar.joshi\.m2\repository\net\bytebuddy\byte-buddy\1.8.15\byte-buddy-1.8.15.jar;C:\Users\shikhar.joshi\.m2\repository\org\apache\commons\commons-exec\1.3\commons-exec-1.3.jar;C:\Users\shikhar.joshi\.m2\repository\com\google\guava\guava\25.0-jre\guava-25.0-jre.jar;C:\Users\shikhar.joshi\.m2\repository\com\google\code\findbugs\jsr305\1.3.9\jsr305-1.3.9.jar;C:\Users\shikhar.joshi\.m2\repository\org\checkerframework\checker-compat-qual\2.0.0\checker-compat-qual-2.0.0.jar;C:\Users\shikhar.joshi\.m2\repository\com\google\errorprone\error_prone_annotations\2.1.3\error_prone_annotations-2.1.3.jar;C:\Users\shikhar.joshi\.m2\repository\com\google\j2objc\j2objc-annotations\1.1\j2objc-annotations-1.1.jar;C:\Users\shikhar.joshi\.m2\repository\org\codehaus\mojo\animal-sniffer-annotations\1.14\animal-sniffer-annotations-1.14.jar;C:\Users\shikhar.joshi\.m2\repository\com\squareup\okhttp3\okhttp\3.11.0\okhttp-3.11.0.jar;C:\Users\shikhar.joshi\.m2\repository\com\squareup\okio\okio\1.14.0\okio-1.14.0.jar;C:\Users\shikhar.joshi\.m2\repository\io\github\bonigarcia\webdrivermanager\5.0.3\webdrivermanager-5.0.3.jar;C:\Users\shikhar.joshi\.m2\repository\org\slf4j\slf4j-api\1.7.32\slf4j-api-1.7.32.jar;C:\Users\shikhar.joshi\.m2\repository\com\google\code\gson\gson\2.8.8\gson-2.8.8.jar;C:\Users\shikhar.joshi\.m2\repository\org\jsoup\jsoup\1.14.2\jsoup-1.14.2.jar;C:\Users\shikhar.joshi\.m2\repository\com\github\docker-java\docker-java\3.2.12\docker-java-3.2.12.jar;C:\Users\shikhar.joshi\.m2\repository\com\github\docker-java\docker-java-core\3.2.12\docker-java-core-3.2.12.jar;C:\Users\shikhar.joshi\.m2\repository\com\github\docker-java\docker-java-api\3.2.12\docker-java-api-3.2.12.jar;C:\Users\shikhar.joshi\.m2\repository\org\apache\commons\commons-compress\1.21\commons-compress-1.21.jar;C:\Users\shikhar.joshi\.m2\repository\org\bouncycastle\bcpkix-jdk15on\1.64\bcpkix-jdk15on-1.64.jar;C:\Users\shikhar.joshi\.m2\repository\org\bouncycastle\bcprov-jdk15on\1.64\bcprov-jdk15on-1.64.jar;C:\Users\shikhar.joshi\.m2\repository\org\slf4j\jcl-over-slf4j\1.7.30\jcl-over-slf4j-1.7.30.jar;C:\Users\shikhar.joshi\.m2\repository\com\github\docker-java\docker-java-transport-httpclient5\3.2.12\docker-java-transport-httpclient5-3.2.12.jar;C:\Users\shikhar.joshi\.m2\repository\com\github\docker-java\docker-java-transport\3.2.12\docker-java-transport-3.2.12.jar;C:\Users\shikhar.joshi\.m2\repository\org\apache\httpcomponents\client5\httpclient5\5.0.3\httpclient5-5.0.3.jar;C:\Users\shikhar.joshi\.m2\repository\org\apache\httpcomponents\core5\httpcore5\5.0.2\httpcore5-5.0.2.jar;C:\Users\shikhar.joshi\.m2\repository\commons-codec\commons-codec\1.13\commons-codec-1.13.jar;C:\Users\shikhar.joshi\.m2\repository\net\java\dev\jna\jna\5.8.0\jna-5.8.0.jar;C:\Users\shikhar.joshi\.m2\repository\org\brotli\dec\0.1.2\dec-0.1.2.jar;C:\Users\shikhar.joshi\.m2\repository\io\cucumber\cucumber-java\7.0.0\cucumber-java-7.0.0.jar;C:\Users\shikhar.joshi\.m2\repository\org\apiguardian\apiguardian-api\1.1.2\apiguardian-api-1.1.2.jar;C:\Users\shikhar.joshi\.m2\repository\io\cucumber\cucumber-core\7.0.0\cucumber-core-7.0.0.jar;C:\Users\shikhar.joshi\.m2\repository\io\cucumber\cucumber-gherkin\7.0.0\cucumber-gherkin-7.0.0.jar;C:\Users\shikhar.joshi\.m2\repository\io\cucumber\cucumber-gherkin-messages\7.0.0\cucumber-gherkin-messages-7.0.0.jar;C:\Users\shikhar.joshi\.m2\repository\io\cucumber\messages\17.1.1\messages-17.1.1.jar;C:\Users\shikhar.joshi\.m2\repository\io\cucumber\tag-expressions\4.0.2\tag-expressions-4.0.2.jar;C:\Users\shikhar.joshi\.m2\repository\io\cucumber\cucumber-expressions\13.0.1\cucumber-expressions-13.0.1.jar;C:\Users\shikhar.joshi\.m2\repository\io\cucumber\datatable\7.0.0\datatable-7.0.0.jar;C:\Users\shikhar.joshi\.m2\repository\io\cucumber\cucumber-plugin\7.0.0\cucumber-plugin-7.0.0.jar;C:\Users\shikhar.joshi\.m2\repository\io\cucumber\docstring\7.0.0\docstring-7.0.0.jar;C:\Users\shikhar.joshi\.m2\repository\io\cucumber\html-formatter\17.0.0\html-formatter-17.0.0.jar;C:\Users\shikhar.joshi\.m2\repository\io\cucumber\create-meta\6.0.1\create-meta-6.0.1.jar;C:\Users\shikhar.joshi\.m2\repository\io\cucumber\cucumber-testng\7.0.0\cucumber-testng-7.0.0.jar;C:\Users\shikhar.joshi\.m2\repository\net\masterthought\cucumber-reporting\5.0.0\cucumber-reporting-5.0.0.jar;C:\Users\shikhar.joshi\.m2\repository\com\fasterxml\jackson\core\jackson-databind\2.9.10.1\jackson-databind-2.9.10.1.jar;C:\Users\shikhar.joshi\.m2\repository\com\fasterxml\jackson\core\jackson-annotations\2.9.10\jackson-annotations-2.9.10.jar;C:\Users\shikhar.joshi\.m2\repository\com\fasterxml\jackson\core\jackson-core\2.9.10\jackson-core-2.9.10.jar;C:\Users\shikhar.joshi\.m2\repository\com\fasterxml\jackson\datatype\jackson-datatype-jsr310\2.10.1\jackson-datatype-jsr310-2.10.1.jar;C:\Users\shikhar.joshi\.m2\repository\org\apache\velocity\velocity-engine-core\2.1\velocity-engine-core-2.1.jar;C:\Users\shikhar.joshi\.m2\repository\commons-collections\commons-collections\3.2.2\commons-collections-3.2.2.jar;C:\Users\shikhar.joshi\.m2\repository\joda-time\joda-time\2.10.2\joda-time-2.10.2.jar;C:\Users\shikhar.joshi\.m2\repository\org\apache\commons\commons-lang3\3.9\commons-lang3-3.9.jar;C:\Users\shikhar.joshi\.m2\repository\commons-io\commons-io\2.6\commons-io-2.6.jar;C:\Users\shikhar.joshi\.m2\repository\org\codehaus\plexus\plexus-utils\3.2.0\plexus-utils-3.2.0.jar;C:\Users\shikhar.joshi\.m2\repository\com\googlecode\owasp-java-html-sanitizer\owasp-java-html-sanitizer\20190610.1\owasp-java-html-sanitizer-20190610.1.jar;C:\Users\shikhar.joshi\.m2\repository\commons-configuration\commons-configuration\1.10\commons-configuration-1.10.jar;C:\Users\shikhar.joshi\.m2\repository\commons-lang\commons-lang\2.6\commons-lang-2.6.jar;C:\Users\shikhar.joshi\.m2\repository\commons-logging\commons-logging\1.1.1\commons-logging-1.1.1.jar;C:\Users\shikhar.joshi\.m2\repository\org\apache\logging\log4j\log4j-core\2.13.3\log4j-core-2.13.3.jar;C:\Users\shikhar.joshi\.m2\repository\org\apache\logging\log4j\log4j-api\2.13.3\log4j-api-2.13.3.jar;C:\Users\shikhar.joshi\.m2\repository\com\jcabi\jcabi-log\0.19.0\jcabi-log-0.19.0.jar;"/>
    <property name="sun.cpu.endian" value="little"/>
    <property name="user.home" value="C:\Users\shikhar.joshi"/>
    <property name="user.language" value="en"/>
    <property name="java.specification.vendor" value="Oracle Corporation"/>
    <property name="java.version.date" value="2018-09-25"/>
    <property name="java.home" value="C:\Program Files\Java\jdk-11"/>
    <property name="file.separator" value="\"/>
    <property name="basedir" value="C:\Users\shikhar.joshi\Desktop\markone\flight-booking-testing-framework"/>
    <property name="java.vm.compressedOopsMode" value="Zero based"/>
    <property name="line.separator" value="&#10;"/>
    <property name="java.specification.name" value="Java Platform API Specification"/>
    <property name="java.vm.specification.vendor" value="Oracle Corporation"/>
    <property name="java.awt.graphicsenv" value="sun.awt.Win32GraphicsEnvironment"/>
    <property name="surefire.real.class.path" value="C:\Users\shikhar.joshi\AppData\Local\Temp\surefire2358961005123136613\surefirebooter10183414963173773541.jar"/>
    <property name="user.script" value=""/>
    <property name="sun.management.compiler" value="HotSpot 64-Bit Tiered Compilers"/>
    <property name="java.runtime.version" value="11+28"/>
    <property name="user.name" value="shikhar.joshi"/>
    <property name="path.separator" value=";"/>
    <property name="os.version" value="10.0"/>
    <property name="java.runtime.name" value="OpenJDK Runtime Environment"/>
    <property name="file.encoding" value="Cp1252"/>
    <property name="java.vm.name" value="OpenJDK 64-Bit Server VM"/>
    <property name="java.vendor.version" value="18.9"/>
    <property name="localRepository" value="C:\Users\shikhar.joshi\.m2\repository"/>
    <property name="java.vendor.url.bug" value="http://bugreport.java.com/bugreport/"/>
    <property name="java.io.tmpdir" value="C:\Users\SHIKHA~1.JOS\AppData\Local\Temp\"/>
    <property name="java.version" value="11"/>
    <property name="user.dir" value="C:\Users\shikhar.joshi\Desktop\markone\flight-booking-testing-framework"/>
    <property name="os.arch" value="amd64"/>
    <property name="java.vm.specification.name" value="Java Virtual Machine Specification"/>
    <property name="java.awt.printerjob" value="sun.awt.windows.WPrinterJob"/>
    <property name="sun.os.patch.level" value=""/>
    <property name="java.library.path" value="C:\Program Files\Java\jdk-11\bin;C:\Windows\Sun\Java\bin;C:\Windows\system32;C:\Windows;C:\Program Files\Java\jdk-11\bin;C:\Program Files (x86)\Common Files\Oracle\Java\javapath;C:\Python39\Scripts\;C:\Python39\;C:\Program Files\Common Files\Oracle\Java\javapath;C:\Windows\system32;C:\Windows;C:\Windows\System32\Wbem;C:\Windows\System32\WindowsPowerShell\v1.0\;C:\Windows\System32\OpenSSH\;C:\Users\shikhar.joshi\Desktop\CourseUdemy\apache-maven-3.8.2\bin;C:\Program Files\Docker\Docker\resources\bin;C:\ProgramData\DockerDesktop\version-bin;C:\Program Files\nodejs\;C:\ProgramData\chocolatey\bin;C:\Ruby27-x64\bin;C:\Users\shikhar.joshi\AppData\Local\Microsoft\WindowsApps;C:\Users\shikhar.joshi\AppData\Local\Programs\Microsoft VS Code\bin;C:\Users\shikhar.joshi\AppData\Local\Programs\Git\cmd;C:\Users\shikhar.joshi\AppData\Roaming\npm;C:\Users\shikhar.joshi\Software;;C:\Users\shikhar.joshi\AppData\Local\JetBrains\IntelliJ IDEA Community Edition 2021.2.3\bin;;."/>
    <property name="java.vendor" value="Oracle Corporation"/>
    <property name="java.vm.info" value="mixed mode"/>
    <property name="java.vm.version" value="11+28"/>
    <property name="sun.io.unicode.encoding" value="UnicodeLittle"/>
    <property name="java.class.version" value="55.0"/>
  </properties>
  <testcase name="runScenario[&quot;user filled billing details in billing details page&quot;, &quot;Optional[Billing Details Feature]&quot;](1)" classname="com.flight.booking.testrunner.BillingDetailsTestRunner" time="25.259">
    <system-out><![CDATA[14:17:53.548 [main]        &amp#27;[32mINFO&amp#27;[m - Initializing Driver
14:17:53.561 [main]        &amp#27;[32mINFO&amp#27;[m - User is on Registration Page
14:17:53.720 [main]        &amp#27;[32mINFO&amp#27;[m - User is filling Registration Details
14:17:54.602 [main]        &amp#27;[32mINFO&amp#27;[m - User's Registration got confirmed
14:17:54.676 [main]        &amp#27;[32mINFO&amp#27;[m - User clicks flights link
14:17:54.799 [main]        &amp#27;[32mINFO&amp#27;[m - User is on Flight Details Page
14:17:54.799 [main]        &amp#27;[32mINFO&amp#27;[m - User is on filling Flight Details
14:17:57.539 [main]        &amp#27;[32mINFO&amp#27;[m - User clicks continue button
14:17:57.600 [main]        &amp#27;[32mINFO&amp#27;[m - User is on Flight Class Selection Page
14:17:57.600 [main]        &amp#27;[32mINFO&amp#27;[m - User is selecting Flight Class
14:17:57.825 [main]        &amp#27;[32mINFO&amp#27;[m - User clicks continue button
14:17:57.827 [main]        &amp#27;[32mINFO&amp#27;[m - User is filling Billing Details
14:17:58.251 [main]        &amp#27;[32mINFO&amp#27;[m - User hits continue button
14:17:58.251 [main]        &amp#27;[32mINFO&amp#27;[m - Quiting Driver
]]></system-out>
    <system-err><![CDATA[SLF4J: Failed to load class "org.slf4j.impl.StaticLoggerBinder".
SLF4J: Defaulting to no-operation (NOP) logger implementation
SLF4J: See http://www.slf4j.org/codes.html#StaticLoggerBinder for further details.
Starting ChromeDriver 96.0.4664.45 (76e4c1bb2ab4671b8beba3444e61c0f17584b2fc-refs/branch-heads/4664@{#947}) on port 37441
Only local connections are allowed.
Please see https://chromedriver.chromium.org/security-considerations for suggestions on keeping ChromeDriver safe.
ChromeDriver was started successfully.
Nov 18, 2021 2:17:48 PM org.openqa.selenium.remote.ProtocolHandshake createSession
INFO: Detected dialect: W3C
]]></system-err>
  </testcase>
  <testcase name="runScenario[&quot;user filled flight details in flight details page&quot;, &quot;Optional[Filling Flight Details Feature]&quot;](1)" classname="com.flight.booking.testrunner.FlightDetailsTestRunner" time="12.347">
    <system-out><![CDATA[14:18:09.818 [main]        &amp#27;[32mINFO&amp#27;[m - Initializing Driver
14:18:09.818 [main]        &amp#27;[32mINFO&amp#27;[m - User is on Registration Page
14:18:09.898 [main]        &amp#27;[32mINFO&amp#27;[m - User is filling Registration Details
14:18:11.606 [main]        &amp#27;[32mINFO&amp#27;[m - User's Registration got confirmed
14:18:11.675 [main]        &amp#27;[32mINFO&amp#27;[m - User clicks flights link
14:18:11.909 [main]        &amp#27;[32mINFO&amp#27;[m - User is on Flight Details Page
14:18:11.910 [main]        &amp#27;[32mINFO&amp#27;[m - User is on filling Flight Details
14:18:14.837 [main]        &amp#27;[32mINFO&amp#27;[m - User clicks continue button
14:18:14.958 [main]        &amp#27;[32mINFO&amp#27;[m - Quiting Driver
]]></system-out>
    <system-err><![CDATA[Starting ChromeDriver 96.0.4664.45 (76e4c1bb2ab4671b8beba3444e61c0f17584b2fc-refs/branch-heads/4664@{#947}) on port 48541
Only local connections are allowed.
Please see https://chromedriver.chromium.org/security-considerations for suggestions on keeping ChromeDriver safe.
ChromeDriver was started successfully.
Nov 18, 2021 2:18:05 PM org.openqa.selenium.remote.ProtocolHandshake createSession
INFO: Detected dialect: W3C
]]></system-err>
  </testcase>
  <testcase name="runScenario[&quot;user filled flight selection details in flight selection page&quot;, &quot;Optional[Flight Selection Feature]&quot;](1)" classname="com.flight.booking.testrunner.FlightSelectionTestRunner" time="11.147">
    <system-out><![CDATA[14:18:21.841 [main]        &amp#27;[32mINFO&amp#27;[m - Initializing Driver
14:18:21.841 [main]        &amp#27;[32mINFO&amp#27;[m - User is on Registration Page
14:18:21.961 [main]        &amp#27;[32mINFO&amp#27;[m - User is filling Registration Details
14:18:23.250 [main]        &amp#27;[32mINFO&amp#27;[m - User's Registration got confirmed
14:18:23.333 [main]        &amp#27;[32mINFO&amp#27;[m - User clicks flights link
14:18:23.429 [main]        &amp#27;[32mINFO&amp#27;[m - User is on Flight Details Page
14:18:23.429 [main]        &amp#27;[32mINFO&amp#27;[m - User is on filling Flight Details
14:18:25.796 [main]        &amp#27;[32mINFO&amp#27;[m - User clicks continue button
14:18:25.853 [main]        &amp#27;[32mINFO&amp#27;[m - User is on Flight Class Selection Page
14:18:25.854 [main]        &amp#27;[32mINFO&amp#27;[m - User is selecting Flight Class
14:18:26.058 [main]        &amp#27;[32mINFO&amp#27;[m - User clicks continue button
14:18:26.058 [main]        &amp#27;[32mINFO&amp#27;[m - Quiting Driver
]]></system-out>
    <system-err><![CDATA[Starting ChromeDriver 96.0.4664.45 (76e4c1bb2ab4671b8beba3444e61c0f17584b2fc-refs/branch-heads/4664@{#947}) on port 5566
Only local connections are allowed.
Please see https://chromedriver.chromium.org/security-considerations for suggestions on keeping ChromeDriver safe.
ChromeDriver was started successfully.
Nov 18, 2021 2:18:17 PM org.openqa.selenium.remote.ProtocolHandshake createSession
INFO: Detected dialect: W3C
]]></system-err>
  </testcase>
  <testcase name="runScenario[&quot;user get ticket price&quot;, &quot;Optional[Price Confirmation Feature]&quot;](1)" classname="com.flight.booking.testrunner.PriceConfirmationTestRunner" time="12.993">
    <system-out><![CDATA[14:18:34.198 [main]        &amp#27;[32mINFO&amp#27;[m - Initializing Driver
14:18:34.198 [main]        &amp#27;[32mINFO&amp#27;[m - User is on Registration Page
14:18:34.317 [main]        &amp#27;[32mINFO&amp#27;[m - User is filling Registration Details
14:18:35.056 [main]        &amp#27;[32mINFO&amp#27;[m - User's Registration got confirmed
14:18:35.122 [main]        &amp#27;[32mINFO&amp#27;[m - User clicks flights link
14:18:35.299 [main]        &amp#27;[32mINFO&amp#27;[m - User is on Flight Details Page
14:18:35.299 [main]        &amp#27;[32mINFO&amp#27;[m - User is on filling Flight Details
14:18:37.865 [main]        &amp#27;[32mINFO&amp#27;[m - User clicks continue button
14:18:37.945 [main]        &amp#27;[32mINFO&amp#27;[m - User is on Flight Class Selection Page
14:18:37.945 [main]        &amp#27;[32mINFO&amp#27;[m - User is selecting Flight Class
14:18:38.215 [main]        &amp#27;[32mINFO&amp#27;[m - User clicks continue button
14:18:38.215 [main]        &amp#27;[32mINFO&amp#27;[m - User is filling Billing Details
14:18:38.748 [main]        &amp#27;[32mINFO&amp#27;[m - User hits continue button
14:18:38.748 [main]        &amp#27;[32mINFO&amp#27;[m - User is on Price Confirmation Page
14:18:38.879 [main]        &amp#27;[32mINFO&amp#27;[m - User's ticket price is: $1753 USD
14:18:38.880 [main]        &amp#27;[32mINFO&amp#27;[m - Quiting Driver
]]></system-out>
    <system-err><![CDATA[Starting ChromeDriver 96.0.4664.45 (76e4c1bb2ab4671b8beba3444e61c0f17584b2fc-refs/branch-heads/4664@{#947}) on port 12148
Only local connections are allowed.
Please see https://chromedriver.chromium.org/security-considerations for suggestions on keeping ChromeDriver safe.
ChromeDriver was started successfully.
Nov 18, 2021 2:18:29 PM org.openqa.selenium.remote.ProtocolHandshake createSession
INFO: Detected dialect: W3C
]]></system-err>
  </testcase>
  <testcase name="runScenario[&quot;Fill user details in registration page&quot;, &quot;Optional[Registration Feature]&quot;](1)" classname="com.flight.booking.testrunner.RegistrationTestRunner" time="10.995">
    <system-out><![CDATA[14:18:48.594 [main]        &amp#27;[32mINFO&amp#27;[m - Initializing Driver
14:18:48.594 [main]        &amp#27;[32mINFO&amp#27;[m - User is on Registration Page
14:18:48.699 [main]        &amp#27;[32mINFO&amp#27;[m - User is filling Registration Details
14:18:49.734 [main]        &amp#27;[32mINFO&amp#27;[m - User's Registration got confirmed
14:18:49.805 [main]        &amp#27;[32mINFO&amp#27;[m - User clicks flights link
14:18:49.916 [main]        &amp#27;[32mINFO&amp#27;[m - Quiting Driver
]]></system-out>
    <system-err><![CDATA[Starting ChromeDriver 96.0.4664.45 (76e4c1bb2ab4671b8beba3444e61c0f17584b2fc-refs/branch-heads/4664@{#947}) on port 39850
Only local connections are allowed.
Please see https://chromedriver.chromium.org/security-considerations for suggestions on keeping ChromeDriver safe.
ChromeDriver was started successfully.
Nov 18, 2021 2:18:43 PM org.openqa.selenium.remote.ProtocolHandshake createSession
INFO: Detected dialect: W3C
]]></system-err>
  </testcase>
</testsuite>