<?xml version="1.0" encoding="UTF-8"?>
<!-- Generated by org.testng.reporters.JUnitReportReporter -->
<testsuite hostname="QT-INNO-LT0914" failures="0" tests="1" name="com.flight.booking.TestRunner.TestRunner" time="41.694" errors="0" timestamp="2021-10-13T16:27:24 IST" skipped="0">
  <testcase classname="com.flight.booking.TestRunner.TestRunner" name="feature" time="41.694"/>
  <system-out/>
</testsuite> <!-- com.flight.booking.TestRunner.TestRunner -->
