<?xml version="1.0" encoding="UTF-8"?>
<!-- Generated by org.testng.reporters.JUnitReportReporter -->
<testsuite hostname="QT-INNO-LT0914" failures="0" tests="1" name="com.flight.booking.testrunner.RegistrationTestRunner" time="14.579" errors="0" timestamp="2021-11-17T11:59:00 IST" skipped="0">
  <testcase classname="com.flight.booking.testrunner.RegistrationTestRunner" name="runScenario" time="14.579"/>
</testsuite> <!-- com.flight.booking.testrunner.RegistrationTestRunner -->
