<?xml version="1.0" encoding="UTF-8"?>
<!-- Generated by org.testng.reporters.JUnitReportReporter -->
<testsuite hostname="QT-INNO-LT0914" failures="0" tests="1" name="com.flight.booking.testrunner.FlightDetailsTestRunner" time="13.102" errors="0" timestamp="2021-11-16T22:35:06 IST" skipped="0">
  <testcase classname="com.flight.booking.testrunner.FlightDetailsTestRunner" name="runScenario" time="13.102"/>
</testsuite> <!-- com.flight.booking.testrunner.FlightDetailsTestRunner -->
