<?xml version="1.0" encoding="UTF-8"?>
<!-- Generated by org.testng.reporters.JUnitReportReporter -->
<testsuite hostname="QT-INNO-LT0914" failures="0" tests="1" name="com.flight.booking.testrunner.BillingDetailsTestRunner" time="25.179" errors="0" timestamp="2021-11-18T14:18:50 IST" skipped="0">
  <testcase classname="com.flight.booking.testrunner.BillingDetailsTestRunner" name="runScenario" time="25.179"/>
</testsuite> <!-- com.flight.booking.testrunner.BillingDetailsTestRunner -->
